
Aug 09, 2018 10:07:45.09 NEW SESSION
Aug 09, 2018 10:07:45.14 [4592:4860:0809/100745.000:ERROR:in_progress_cache_impl.cc(191)] Cache is not initialized, cannot RetrieveEntry.
Aug 09, 2018 10:07:45.14 [4592:4860:0809/100745.000:ERROR:in_progress_cache_impl.cc(191)] Cache is not initialized, cannot RetrieveEntry.
Aug 09, 2018 10:07:45.14 [4592:4860:0809/100745.000:ERROR:in_progress_cache_impl.cc(191)] Cache is not initialized, cannot RetrieveEntry.
Aug 09, 2018 10:07:45.14 [4592:4860:0809/100745.000:ERROR:in_progress_cache_impl.cc(191)] Cache is not initialized, cannot RetrieveEntry.
Aug 09, 2018 10:07:45.14 [4592:4860:0809/100745.000:ERROR:in_progress_cache_impl.cc(191)] Cache is not initialized, cannot RetrieveEntry.
Aug 09, 2018 10:07:45.14 [4592:4860:0809/100745.000:ERROR:in_progress_cache_impl.cc(191)] Cache is not initialized, cannot RetrieveEntry.
Aug 09, 2018 10:07:45.14 [4592:4860:0809/100745.000:ERROR:in_progress_cache_impl.cc(191)] Cache is not initialized, cannot RetrieveEntry.
Aug 09, 2018 10:07:45.15 [4592:4860:0809/100745.000:ERROR:in_progress_cache_impl.cc(191)] Cache is not initialized, cannot RetrieveEntry.
Aug 09, 2018 10:07:45.15 [4592:4860:0809/100745.000:ERROR:in_progress_cache_impl.cc(191)] Cache is not initialized, cannot RetrieveEntry.
Aug 09, 2018 10:07:45.15 [4592:4860:0809/100745.000:ERROR:in_progress_cache_impl.cc(191)] Cache is not initialized, cannot RetrieveEntry.
Aug 09, 2018 10:07:45.15 [4592:4860:0809/100745.000:ERROR:in_progress_cache_impl.cc(191)] Cache is not initialized, cannot RetrieveEntry.
Aug 09, 2018 10:07:48.00 [4592:4860:0809/100747.980:ERROR:gpu_process_transport_factory.cc(1016)] Lost UI shared context.
Aug 09, 2018 10:08:29.54 Unable to read VR Path Registry from P:\Users\aullah\AppData\Local\openvr\openvrpaths.vrpath

Aug 09, 2018 10:58:11.02 NEW SESSION
Aug 09, 2018 10:58:11.02 [5588:7252:0809/105811.023:ERROR:in_progress_cache_impl.cc(191)] Cache is not initialized, cannot RetrieveEntry.
Aug 09, 2018 10:58:11.03 [5588:7252:0809/105811.027:ERROR:in_progress_cache_impl.cc(191)] Cache is not initialized, cannot RetrieveEntry.
Aug 09, 2018 10:58:11.03 [5588:7252:0809/105811.027:ERROR:in_progress_cache_impl.cc(191)] Cache is not initialized, cannot RetrieveEntry.
Aug 09, 2018 10:58:11.03 [5588:7252:0809/105811.027:ERROR:in_progress_cache_impl.cc(191)] Cache is not initialized, cannot RetrieveEntry.
Aug 09, 2018 10:58:11.03 [5588:7252:0809/105811.027:ERROR:in_progress_cache_impl.cc(191)] Cache is not initialized, cannot RetrieveEntry.
Aug 09, 2018 10:58:11.03 [5588:7252:0809/105811.027:ERROR:in_progress_cache_impl.cc(191)] Cache is not initialized, cannot RetrieveEntry.
Aug 09, 2018 10:58:11.03 [5588:7252:0809/105811.027:ERROR:in_progress_cache_impl.cc(191)] Cache is not initialized, cannot RetrieveEntry.
Aug 09, 2018 10:58:11.03 [5588:7252:0809/105811.027:ERROR:in_progress_cache_impl.cc(191)] Cache is not initialized, cannot RetrieveEntry.
Aug 09, 2018 10:58:11.03 [5588:7252:0809/105811.027:ERROR:in_progress_cache_impl.cc(191)] Cache is not initialized, cannot RetrieveEntry.
Aug 09, 2018 10:58:11.03 [5588:7252:0809/105811.027:ERROR:in_progress_cache_impl.cc(191)] Cache is not initialized, cannot RetrieveEntry.
Aug 09, 2018 10:58:11.03 [5588:7252:0809/105811.027:ERROR:in_progress_cache_impl.cc(191)] Cache is not initialized, cannot RetrieveEntry.
Aug 09, 2018 10:58:13.72 [5588:7252:0809/105813.727:ERROR:gpu_process_transport_factory.cc(1016)] Lost UI shared context.
Aug 09, 2018 10:58:56.87 Unable to read VR Path Registry from P:\Users\aullah\AppData\Local\openvr\openvrpaths.vrpath

Aug 09, 2018 11:15:39.86 NEW SESSION
Aug 09, 2018 11:15:39.86 [6488:4732:0809/111539.848:ERROR:in_progress_cache_impl.cc(191)] Cache is not initialized, cannot RetrieveEntry.
Aug 09, 2018 11:15:39.94 [6488:4732:0809/111539.848:ERROR:in_progress_cache_impl.cc(191)] Cache is not initialized, cannot RetrieveEntry.
Aug 09, 2018 11:15:39.94 [6488:4732:0809/111539.848:ERROR:in_progress_cache_impl.cc(191)] Cache is not initialized, cannot RetrieveEntry.
Aug 09, 2018 11:15:39.94 [6488:4732:0809/111539.848:ERROR:in_progress_cache_impl.cc(191)] Cache is not initialized, cannot RetrieveEntry.
Aug 09, 2018 11:15:39.94 [6488:4732:0809/111539.848:ERROR:in_progress_cache_impl.cc(191)] Cache is not initialized, cannot RetrieveEntry.
Aug 09, 2018 11:15:39.94 [6488:4732:0809/111539.848:ERROR:in_progress_cache_impl.cc(191)] Cache is not initialized, cannot RetrieveEntry.
Aug 09, 2018 11:15:39.94 [6488:4732:0809/111539.848:ERROR:in_progress_cache_impl.cc(191)] Cache is not initialized, cannot RetrieveEntry.
Aug 09, 2018 11:15:39.94 [6488:4732:0809/111539.848:ERROR:in_progress_cache_impl.cc(191)] Cache is not initialized, cannot RetrieveEntry.
Aug 09, 2018 11:15:39.94 [6488:4732:0809/111539.848:ERROR:in_progress_cache_impl.cc(191)] Cache is not initialized, cannot RetrieveEntry.
Aug 09, 2018 11:15:39.94 [6488:4732:0809/111539.848:ERROR:in_progress_cache_impl.cc(191)] Cache is not initialized, cannot RetrieveEntry.
Aug 09, 2018 11:15:39.94 [6488:4732:0809/111539.848:ERROR:in_progress_cache_impl.cc(191)] Cache is not initialized, cannot RetrieveEntry.
Aug 09, 2018 11:15:41.74 [6488:4732:0809/111541.748:ERROR:gpu_process_transport_factory.cc(1016)] Lost UI shared context.
Aug 09, 2018 11:16:24.90 Unable to read VR Path Registry from P:\Users\aullah\AppData\Local\openvr\openvrpaths.vrpath
Aug 09, 2018 11:23:45.70 [5780:7764:0809/112345.702:ERROR:in_progress_cache_impl.cc(191)] Cache is not initialized, cannot RetrieveEntry.
Aug 09, 2018 11:23:45.70 [5780:7764:0809/112345.703:ERROR:in_progress_cache_impl.cc(191)] Cache is not initialized, cannot RetrieveEntry.
Aug 09, 2018 11:23:45.70 [5780:7764:0809/112345.704:ERROR:in_progress_cache_impl.cc(191)] Cache is not initialized, cannot RetrieveEntry.
Aug 09, 2018 11:23:45.70 [5780:7764:0809/112345.704:ERROR:in_progress_cache_impl.cc(191)] Cache is not initialized, cannot RetrieveEntry.
Aug 09, 2018 11:23:45.70 [5780:7764:0809/112345.705:ERROR:in_progress_cache_impl.cc(191)] Cache is not initialized, cannot RetrieveEntry.
Aug 09, 2018 11:23:45.70 [5780:7764:0809/112345.706:ERROR:in_progress_cache_impl.cc(191)] Cache is not initialized, cannot RetrieveEntry.
Aug 09, 2018 11:23:45.70 [5780:7764:0809/112345.706:ERROR:in_progress_cache_impl.cc(191)] Cache is not initialized, cannot RetrieveEntry.
Aug 09, 2018 11:23:45.70 [5780:7764:0809/112345.707:ERROR:in_progress_cache_impl.cc(191)] Cache is not initialized, cannot RetrieveEntry.
Aug 09, 2018 11:23:45.70 [5780:7764:0809/112345.707:ERROR:in_progress_cache_impl.cc(191)] Cache is not initialized, cannot RetrieveEntry.
Aug 09, 2018 11:23:45.70 [5780:7764:0809/112345.708:ERROR:in_progress_cache_impl.cc(191)] Cache is not initialized, cannot RetrieveEntry.
Aug 09, 2018 11:23:45.70 [5780:7764:0809/112345.709:ERROR:in_progress_cache_impl.cc(191)] Cache is not initialized, cannot RetrieveEntry.
Aug 09, 2018 11:23:47.44 [5780:7764:0809/112347.426:ERROR:gpu_process_transport_factory.cc(1016)] Lost UI shared context.
Aug 09, 2018 11:24:30.43 Unable to read VR Path Registry from P:\Users\aullah\AppData\Local\openvr\openvrpaths.vrpath
Aug 09, 2018 11:30:04.56 1533794404502	addons.productaddons	WARN	Failed downloading via XHR, status: 0, reason: error
Aug 09, 2018 11:30:08.04 1533794408068	addons.productaddons	WARN	Failed downloading via XHR, status: 0, reason: error
Aug 09, 2018 11:30:09.34 1533794409365	addons.productaddons	WARN	Failed downloading via XHR, status: 0, reason: error
Aug 09, 2018 11:32:44.24 [9152:2516:0809/113244.244:ERROR:gpu_process_transport_factory.cc(1016)] Lost UI shared context.
Aug 09, 2018 11:51:46.01 [3796:6764:0809/115146.008:ERROR:gpu_process_transport_factory.cc(1016)] Lost UI shared context.
Aug 09, 2018 11:52:27.60 Unable to read VR Path Registry from P:\Users\aullah\AppData\Local\openvr\openvrpaths.vrpath
Aug 09, 2018 12:30:14.88 [7628:6904:0809/123014.871:ERROR:in_progress_cache_impl.cc(191)] Cache is not initialized, cannot RetrieveEntry.
Aug 09, 2018 12:30:14.91 [7628:6904:0809/123014.871:ERROR:in_progress_cache_impl.cc(191)] Cache is not initialized, cannot RetrieveEntry.
Aug 09, 2018 12:30:14.91 [7628:6904:0809/123014.871:ERROR:in_progress_cache_impl.cc(191)] Cache is not initialized, cannot RetrieveEntry.
Aug 09, 2018 12:30:14.91 [7628:6904:0809/123014.871:ERROR:in_progress_cache_impl.cc(191)] Cache is not initialized, cannot RetrieveEntry.
Aug 09, 2018 12:30:14.91 [7628:6904:0809/123014.871:ERROR:in_progress_cache_impl.cc(191)] Cache is not initialized, cannot RetrieveEntry.
Aug 09, 2018 12:30:14.91 [7628:6904:0809/123014.871:ERROR:in_progress_cache_impl.cc(191)] Cache is not initialized, cannot RetrieveEntry.
Aug 09, 2018 12:30:14.91 [7628:6904:0809/123014.871:ERROR:in_progress_cache_impl.cc(191)] Cache is not initialized, cannot RetrieveEntry.
Aug 09, 2018 12:30:14.91 [7628:6904:0809/123014.871:ERROR:in_progress_cache_impl.cc(191)] Cache is not initialized, cannot RetrieveEntry.
Aug 09, 2018 12:30:14.92 [7628:6904:0809/123014.871:ERROR:in_progress_cache_impl.cc(191)] Cache is not initialized, cannot RetrieveEntry.
Aug 09, 2018 12:30:14.92 [7628:6904:0809/123014.871:ERROR:in_progress_cache_impl.cc(191)] Cache is not initialized, cannot RetrieveEntry.
Aug 09, 2018 12:30:14.92 [7628:6904:0809/123014.871:ERROR:in_progress_cache_impl.cc(191)] Cache is not initialized, cannot RetrieveEntry.
Aug 09, 2018 12:30:18.36 [7628:6904:0809/123018.352:ERROR:gpu_process_transport_factory.cc(1016)] Lost UI shared context.
Aug 09, 2018 12:30:59.78 Unable to read VR Path Registry from P:\Users\aullah\AppData\Local\openvr\openvrpaths.vrpath
Aug 09, 2018 13:33:12.15 [4632:7724:0809/133312.140:ERROR:in_progress_cache_impl.cc(191)] Cache is not initialized, cannot RetrieveEntry.
Aug 09, 2018 13:33:12.18 [4632:7724:0809/133312.140:ERROR:in_progress_cache_impl.cc(191)] Cache is not initialized, cannot RetrieveEntry.
Aug 09, 2018 13:33:12.18 [4632:7724:0809/133312.140:ERROR:in_progress_cache_impl.cc(191)] Cache is not initialized, cannot RetrieveEntry.
Aug 09, 2018 13:33:12.18 [4632:7724:0809/133312.140:ERROR:in_progress_cache_impl.cc(191)] Cache is not initialized, cannot RetrieveEntry.
Aug 09, 2018 13:33:12.18 [4632:7724:0809/133312.140:ERROR:in_progress_cache_impl.cc(191)] Cache is not initialized, cannot RetrieveEntry.
Aug 09, 2018 13:33:12.18 [4632:7724:0809/133312.140:ERROR:in_progress_cache_impl.cc(191)] Cache is not initialized, cannot RetrieveEntry.
Aug 09, 2018 13:33:12.18 [4632:7724:0809/133312.140:ERROR:in_progress_cache_impl.cc(191)] Cache is not initialized, cannot RetrieveEntry.
Aug 09, 2018 13:33:12.18 [4632:7724:0809/133312.140:ERROR:in_progress_cache_impl.cc(191)] Cache is not initialized, cannot RetrieveEntry.
Aug 09, 2018 13:33:12.18 [4632:7724:0809/133312.140:ERROR:in_progress_cache_impl.cc(191)] Cache is not initialized, cannot RetrieveEntry.
Aug 09, 2018 13:33:12.18 [4632:7724:0809/133312.140:ERROR:in_progress_cache_impl.cc(191)] Cache is not initialized, cannot RetrieveEntry.
Aug 09, 2018 13:33:12.18 [4632:7724:0809/133312.140:ERROR:in_progress_cache_impl.cc(191)] Cache is not initialized, cannot RetrieveEntry.
Aug 09, 2018 13:33:14.39 [4632:7724:0809/133314.394:ERROR:gpu_process_transport_factory.cc(1016)] Lost UI shared context.
Aug 09, 2018 13:33:57.00 Unable to read VR Path Registry from P:\Users\aullah\AppData\Local\openvr\openvrpaths.vrpath
Aug 09, 2018 15:08:02.85 [6960:4408:0809/150802.848:ERROR:gpu_process_transport_factory.cc(1016)] Lost UI shared context.
Aug 09, 2018 15:08:45.02 Unable to read VR Path Registry from P:\Users\aullah\AppData\Local\openvr\openvrpaths.vrpath
Aug 09, 2018 15:50:34.06 [7488:8352:0809/155034.048:ERROR:in_progress_cache_impl.cc(191)] Cache is not initialized, cannot RetrieveEntry.
Aug 09, 2018 15:50:34.18 [7488:8352:0809/155034.064:ERROR:in_progress_cache_impl.cc(191)] Cache is not initialized, cannot RetrieveEntry.
Aug 09, 2018 15:50:34.18 [7488:8352:0809/155034.064:ERROR:in_progress_cache_impl.cc(191)] Cache is not initialized, cannot RetrieveEntry.
Aug 09, 2018 15:50:34.18 [7488:8352:0809/155034.064:ERROR:in_progress_cache_impl.cc(191)] Cache is not initialized, cannot RetrieveEntry.
Aug 09, 2018 15:50:34.18 [7488:8352:0809/155034.064:ERROR:in_progress_cache_impl.cc(191)] Cache is not initialized, cannot RetrieveEntry.
Aug 09, 2018 15:50:34.18 [7488:8352:0809/155034.064:ERROR:in_progress_cache_impl.cc(191)] Cache is not initialized, cannot RetrieveEntry.
Aug 09, 2018 15:50:34.18 [7488:8352:0809/155034.064:ERROR:in_progress_cache_impl.cc(191)] Cache is not initialized, cannot RetrieveEntry.
Aug 09, 2018 15:50:34.18 [7488:8352:0809/155034.064:ERROR:in_progress_cache_impl.cc(191)] Cache is not initialized, cannot RetrieveEntry.
Aug 09, 2018 15:50:34.18 [7488:8352:0809/155034.064:ERROR:in_progress_cache_impl.cc(191)] Cache is not initialized, cannot RetrieveEntry.
Aug 09, 2018 15:50:34.18 [7488:8352:0809/155034.064:ERROR:in_progress_cache_impl.cc(191)] Cache is not initialized, cannot RetrieveEntry.
Aug 09, 2018 15:50:34.18 [7488:8352:0809/155034.064:ERROR:in_progress_cache_impl.cc(191)] Cache is not initialized, cannot RetrieveEntry.
Aug 09, 2018 15:50:37.65 [7488:8352:0809/155037.653:ERROR:gpu_process_transport_factory.cc(1016)] Lost UI shared context.
Aug 09, 2018 15:51:18.93 Unable to read VR Path Registry from P:\Users\aullah\AppData\Local\openvr\openvrpaths.vrpath
Aug 09, 2018 16:11:39.49 [7252:7752:0809/161139.483:ERROR:in_progress_cache_impl.cc(191)] Cache is not initialized, cannot RetrieveEntry.
Aug 09, 2018 16:11:39.55 [7252:7752:0809/161139.483:ERROR:in_progress_cache_impl.cc(191)] Cache is not initialized, cannot RetrieveEntry.
Aug 09, 2018 16:11:39.55 [7252:7752:0809/161139.483:ERROR:in_progress_cache_impl.cc(191)] Cache is not initialized, cannot RetrieveEntry.
Aug 09, 2018 16:11:39.55 [7252:7752:0809/161139.483:ERROR:in_progress_cache_impl.cc(191)] Cache is not initialized, cannot RetrieveEntry.
Aug 09, 2018 16:11:39.55 [7252:7752:0809/161139.483:ERROR:in_progress_cache_impl.cc(191)] Cache is not initialized, cannot RetrieveEntry.
Aug 09, 2018 16:11:39.55 [7252:7752:0809/161139.483:ERROR:in_progress_cache_impl.cc(191)] Cache is not initialized, cannot RetrieveEntry.
Aug 09, 2018 16:11:39.55 [7252:7752:0809/161139.483:ERROR:in_progress_cache_impl.cc(191)] Cache is not initialized, cannot RetrieveEntry.
Aug 09, 2018 16:11:39.55 [7252:7752:0809/161139.483:ERROR:in_progress_cache_impl.cc(191)] Cache is not initialized, cannot RetrieveEntry.
Aug 09, 2018 16:11:39.55 [7252:7752:0809/161139.483:ERROR:in_progress_cache_impl.cc(191)] Cache is not initialized, cannot RetrieveEntry.
Aug 09, 2018 16:11:39.55 [7252:7752:0809/161139.483:ERROR:in_progress_cache_impl.cc(191)] Cache is not initialized, cannot RetrieveEntry.
Aug 09, 2018 16:11:39.55 [7252:7752:0809/161139.483:ERROR:in_progress_cache_impl.cc(191)] Cache is not initialized, cannot RetrieveEntry.
Aug 09, 2018 16:11:42.43 [7252:7752:0809/161142.433:ERROR:gpu_process_transport_factory.cc(1016)] Lost UI shared context.
Aug 09, 2018 16:12:24.36 Unable to read VR Path Registry from P:\Users\aullah\AppData\Local\openvr\openvrpaths.vrpath
Aug 09, 2018 16:30:58.29 [7840:5484:0809/163058.132:ERROR:in_progress_cache_impl.cc(191)] Cache is not initialized, cannot RetrieveEntry.
Aug 09, 2018 16:30:58.31 [7840:5484:0809/163058.132:ERROR:in_progress_cache_impl.cc(191)] Cache is not initialized, cannot RetrieveEntry.
Aug 09, 2018 16:30:58.31 [7840:5484:0809/163058.132:ERROR:in_progress_cache_impl.cc(191)] Cache is not initialized, cannot RetrieveEntry.
Aug 09, 2018 16:30:58.31 [7840:5484:0809/163058.132:ERROR:in_progress_cache_impl.cc(191)] Cache is not initialized, cannot RetrieveEntry.
Aug 09, 2018 16:30:58.31 [7840:5484:0809/163058.132:ERROR:in_progress_cache_impl.cc(191)] Cache is not initialized, cannot RetrieveEntry.
Aug 09, 2018 16:30:58.31 [7840:5484:0809/163058.132:ERROR:in_progress_cache_impl.cc(191)] Cache is not initialized, cannot RetrieveEntry.
Aug 09, 2018 16:30:58.31 [7840:5484:0809/163058.132:ERROR:in_progress_cache_impl.cc(191)] Cache is not initialized, cannot RetrieveEntry.
Aug 09, 2018 16:30:58.31 [7840:5484:0809/163058.132:ERROR:in_progress_cache_impl.cc(191)] Cache is not initialized, cannot RetrieveEntry.
Aug 09, 2018 16:30:58.31 [7840:5484:0809/163058.132:ERROR:in_progress_cache_impl.cc(191)] Cache is not initialized, cannot RetrieveEntry.
Aug 09, 2018 16:30:58.31 [7840:5484:0809/163058.132:ERROR:in_progress_cache_impl.cc(191)] Cache is not initialized, cannot RetrieveEntry.
Aug 09, 2018 16:30:58.31 [7840:5484:0809/163058.132:ERROR:in_progress_cache_impl.cc(191)] Cache is not initialized, cannot RetrieveEntry.
Aug 09, 2018 16:31:01.18 [7840:5484:0809/163101.188:ERROR:gpu_process_transport_factory.cc(1016)] Lost UI shared context.
Aug 09, 2018 16:31:42.89 Unable to read VR Path Registry from P:\Users\aullah\AppData\Local\openvr\openvrpaths.vrpath
Aug 09, 2018 17:38:11.83 [7164:4524:0809/173811.830:ERROR:in_progress_cache_impl.cc(191)] Cache is not initialized, cannot RetrieveEntry.
Aug 09, 2018 17:38:11.86 [7164:4524:0809/173811.830:ERROR:in_progress_cache_impl.cc(191)] Cache is not initialized, cannot RetrieveEntry.
Aug 09, 2018 17:38:11.86 [7164:4524:0809/173811.830:ERROR:in_progress_cache_impl.cc(191)] Cache is not initialized, cannot RetrieveEntry.
Aug 09, 2018 17:38:11.86 [7164:4524:0809/173811.830:ERROR:in_progress_cache_impl.cc(191)] Cache is not initialized, cannot RetrieveEntry.
Aug 09, 2018 17:38:11.86 [7164:4524:0809/173811.830:ERROR:in_progress_cache_impl.cc(191)] Cache is not initialized, cannot RetrieveEntry.
Aug 09, 2018 17:38:11.86 [7164:4524:0809/173811.830:ERROR:in_progress_cache_impl.cc(191)] Cache is not initialized, cannot RetrieveEntry.
Aug 09, 2018 17:38:11.86 [7164:4524:0809/173811.830:ERROR:in_progress_cache_impl.cc(191)] Cache is not initialized, cannot RetrieveEntry.
Aug 09, 2018 17:38:11.86 [7164:4524:0809/173811.830:ERROR:in_progress_cache_impl.cc(191)] Cache is not initialized, cannot RetrieveEntry.
Aug 09, 2018 17:38:11.86 [7164:4524:0809/173811.830:ERROR:in_progress_cache_impl.cc(191)] Cache is not initialized, cannot RetrieveEntry.
Aug 09, 2018 17:38:11.86 [7164:4524:0809/173811.830:ERROR:in_progress_cache_impl.cc(191)] Cache is not initialized, cannot RetrieveEntry.
Aug 09, 2018 17:38:11.87 [7164:4524:0809/173811.830:ERROR:in_progress_cache_impl.cc(191)] Cache is not initialized, cannot RetrieveEntry.
Aug 09, 2018 17:38:15.17 [7164:4524:0809/173815.170:ERROR:gpu_process_transport_factory.cc(1016)] Lost UI shared context.
Aug 09, 2018 17:38:56.47 Unable to read VR Path Registry from P:\Users\aullah\AppData\Local\openvr\openvrpaths.vrpath
Aug 09, 2018 17:39:41.21 [7164:4524:0809/173941.218:ERROR:page_load_metrics_update_dispatcher.cc(75)] Invalid response_start 0.001 s for parse_start 0 s
Aug 09, 2018 17:39:41.22 [7164:4524:0809/173941.218:ERROR:page_load_metrics_update_dispatcher.cc(75)] Invalid response_start 0.001 s for parse_start 0 s
Aug 09, 2018 17:39:42.22 [7164:4524:0809/173942.220:ERROR:page_load_metrics_update_dispatcher.cc(75)] Invalid response_start 0.001 s for parse_start 0 s
Aug 09, 2018 17:39:43.21 [7164:4524:0809/173943.214:ERROR:page_load_metrics_update_dispatcher.cc(75)] Invalid response_start 0.001 s for parse_start 0 s
Aug 09, 2018 17:40:10.45 [7284:7300:0809/174010.447:ERROR:in_progress_cache_impl.cc(191)] Cache is not initialized, cannot RetrieveEntry.
Aug 09, 2018 17:40:10.45 [7284:7300:0809/174010.447:ERROR:in_progress_cache_impl.cc(191)] Cache is not initialized, cannot RetrieveEntry.
Aug 09, 2018 17:40:10.45 [7284:7300:0809/174010.447:ERROR:in_progress_cache_impl.cc(191)] Cache is not initialized, cannot RetrieveEntry.
Aug 09, 2018 17:40:10.45 [7284:7300:0809/174010.447:ERROR:in_progress_cache_impl.cc(191)] Cache is not initialized, cannot RetrieveEntry.
Aug 09, 2018 17:40:10.45 [7284:7300:0809/174010.447:ERROR:in_progress_cache_impl.cc(191)] Cache is not initialized, cannot RetrieveEntry.
Aug 09, 2018 17:40:10.45 [7284:7300:0809/174010.447:ERROR:in_progress_cache_impl.cc(191)] Cache is not initialized, cannot RetrieveEntry.
Aug 09, 2018 17:40:10.45 [7284:7300:0809/174010.447:ERROR:in_progress_cache_impl.cc(191)] Cache is not initialized, cannot RetrieveEntry.
Aug 09, 2018 17:40:10.45 [7284:7300:0809/174010.447:ERROR:in_progress_cache_impl.cc(191)] Cache is not initialized, cannot RetrieveEntry.
Aug 09, 2018 17:40:10.46 [7284:7300:0809/174010.447:ERROR:in_progress_cache_impl.cc(191)] Cache is not initialized, cannot RetrieveEntry.
Aug 09, 2018 17:40:10.46 [7284:7300:0809/174010.447:ERROR:in_progress_cache_impl.cc(191)] Cache is not initialized, cannot RetrieveEntry.
Aug 09, 2018 17:40:10.46 [7284:7300:0809/174010.447:ERROR:in_progress_cache_impl.cc(191)] Cache is not initialized, cannot RetrieveEntry.
Aug 09, 2018 17:40:14.71 [7284:7300:0809/174014.702:ERROR:gpu_process_transport_factory.cc(1016)] Lost UI shared context.
Aug 09, 2018 17:40:54.80 Unable to read VR Path Registry from P:\Users\aullah\AppData\Local\openvr\openvrpaths.vrpath
Aug 09, 2018 18:55:59.71 [7284:1052:0809/185559.714:ERROR:ssl_client_socket_impl.cc(996)] handshake failed; returned -1, SSL error code 1, net_error -100
Aug 09, 2018 18:55:59.73 [7284:1052:0809/185559.738:ERROR:ssl_client_socket_impl.cc(996)] handshake failed; returned -1, SSL error code 1, net_error -100
